2024-09-10 15:48:34.467 [info] [main] Log level: Info
2024-09-10 15:48:34.467 [info] [main] Validating found git in: "git"
2024-09-10 15:48:34.467 [info] [main] Using git "2.25.1" from "git"
2024-09-10 15:48:34.467 [info] [Model][doInitialScan] Initial repository scan started
2024-09-10 15:48:34.467 [info] > git rev-parse --show-toplevel [3ms]
2024-09-10 15:48:34.467 [info] > git rev-parse --git-dir --git-common-dir [4ms]
2024-09-10 15:48:34.467 [info] [Model][openRepository] Opened repository: /home/B240801/work1/sdk/a2x/build-autolinux
2024-09-10 15:48:34.468 [info] > git config --get commit.template [3ms]
2024-09-10 15:48:34.481 [info] > git for-each-ref --format=%(refname)%00%(upstream:short)%00%(objectname)%00%(upstream:track)%00%(upstream:remotename)%00%(upstream:remoteref) refs/heads/master refs/remotes/master [2ms]
2024-09-10 15:48:34.491 [info] > git status -z -uall [4ms]
2024-09-10 15:48:34.506 [info] > git for-each-ref --format=%(refname)%00%(upstream:short)%00%(objectname)%00%(upstream:track)%00%(upstream:remotename)%00%(upstream:remoteref) refs/heads/master refs/remotes/master [11ms]
2024-09-10 15:48:34.508 [info] > git rev-parse --show-toplevel [18ms]
2024-09-10 15:48:34.512 [info] > git config --local branch.master.vscode-merge-base [4ms]
2024-09-10 15:48:34.516 [info] > git config --get commit.template [15ms]
2024-09-10 15:48:34.538 [info] > git for-each-ref --format=%(refname)%00%(upstream:short)%00%(objectname)%00%(upstream:track)%00%(upstream:remotename)%00%(upstream:remoteref) refs/heads/origin/master refs/remotes/origin/master [22ms]
2024-09-10 15:48:34.541 [info] > git rev-parse --show-toplevel [30ms]
2024-09-10 15:48:34.557 [info] > git merge-base refs/heads/master refs/remotes/origin/master [17ms]
2024-09-10 15:48:34.569 [info] > git rev-list --count --left-right refs/heads/master...refs/remotes/origin/master [10ms]
2024-09-10 15:48:34.571 [info] > git rev-parse --show-toplevel [14ms]
2024-09-10 15:48:34.571 [info] > git for-each-ref --format=%(refname)%00%(upstream:short)%00%(objectname)%00%(upstream:track)%00%(upstream:remotename)%00%(upstream:remoteref) refs/heads/master refs/remotes/master [16ms]
2024-09-10 15:48:34.576 [info] > git diff --name-status -z --diff-filter=ADMR bf2f7181e6d9cab0bb62bebaf78505d6dd13fd0c...refs/remotes/origin/master [4ms]
2024-09-10 15:48:34.579 [info] > git rev-parse --show-toplevel [4ms]
2024-09-10 15:48:34.582 [info] > git status -z -uall [4ms]
2024-09-10 15:48:34.587 [info] > git for-each-ref --format=%(refname)%00%(upstream:short)%00%(objectname)%00%(upstream:track)%00%(upstream:remotename)%00%(upstream:remoteref) refs/heads/master refs/remotes/master [2ms]
2024-09-10 15:48:34.590 [info] > git rev-parse --show-toplevel [8ms]
2024-09-10 15:48:34.594 [info] > git config --local branch.master.vscode-merge-base [4ms]
2024-09-10 15:48:34.598 [info] > git rev-parse --show-toplevel [5ms]
2024-09-10 15:48:34.601 [info] > git for-each-ref --format=%(refname)%00%(upstream:short)%00%(objectname)%00%(upstream:track)%00%(upstream:remotename)%00%(upstream:remoteref) refs/heads/origin/master refs/remotes/origin/master [3ms]
2024-09-10 15:48:34.601 [info] > git rev-parse --show-toplevel [1ms]
2024-09-10 15:48:34.606 [info] > git rev-parse --show-toplevel [2ms]
2024-09-10 15:48:34.609 [info] > git rev-parse --show-toplevel [1ms]
2024-09-10 15:48:34.613 [info] > git rev-parse --show-toplevel [2ms]
2024-09-10 15:48:34.616 [info] > git rev-parse --show-toplevel [1ms]
2024-09-10 15:48:34.621 [info] > git rev-parse --show-toplevel [2ms]
2024-09-10 15:48:34.624 [info] > git rev-parse --show-toplevel [1ms]
2024-09-10 15:48:34.626 [info] > git rev-parse --show-toplevel [0ms]
2024-09-10 15:48:34.630 [info] > git rev-parse --show-toplevel [1ms]
2024-09-10 15:48:34.634 [info] > git rev-parse --show-toplevel [1ms]
2024-09-10 15:48:34.638 [info] > git rev-parse --show-toplevel [1ms]
2024-09-10 15:48:34.640 [info] > git rev-parse --show-toplevel [1ms]
2024-09-10 15:48:34.643 [info] > git rev-parse --show-toplevel [1ms]
2024-09-10 15:48:34.644 [info] [Model][doInitialScan] Initial repository scan completed - repositories (1), closed repositories (0), parent repositories (0), unsafe repositories (0)
2024-09-10 15:48:34.989 [info] > git check-ignore -v -z --stdin [3ms]
